Arguments: 
  C:\Program Files\nodejs\node.exe C:\Users\msmith\AppData\Roaming\npm\node_modules\yarn\bin\yarn.js add client controller models node_modules package-lock.json public README.md routes server.js src yarn.lock yarn-error.log

PATH: 
  C:\Program Files\Git\mingw64\bin;C:\Program Files\Git\usr\bin;C:\Users\msmith\bin;C:\Program Files (x86)\Common Files\Oracle\Java\javapath;C:\Program Files (x86)\Intel\iCLS Client;C:\Program Files\Intel\iCLS Client;C:\WINDOWS\system32;C:\WINDOWS;C:\WINDOWS\System32\Wbem;C:\WINDOWS\System32\WindowsPowerShell\v1.0;C:\Program Files (x86)\QuickTime\QTSystem;C:\Program Files\Git\cmd;C:\Program Files\nodejs;C:\Program Files (x86)\PuTTY;C:\Program Files (x86)\Intel\Intel(R) Management Engine Components\DAL;C:\Program Files\Intel\Intel(R) Management Engine Components\DAL;C:\Program Files (x86)\Intel\Intel(R) Management Engine Components\IPT;C:\Program Files\Intel\Intel(R) Management Engine Components\IPT;C:\Program Files\Intel\WiFi\bin;C:\Program Files\Common Files\Intel\WirelessCommon;C:\WINDOWS\System32\OpenSSH;C:\Program Files\MongoDB\Server\3.6\bin;C:\Users\msmith\AppData\Local\Microsoft\WindowsApps;C:\Program Files\Heroku\bin;C:\Users\msmith\AppData\Roaming\npm;C:\Program Files\Microsoft VS Code\bin;C:\Users\msmith\AppData\Local\GitHubDesktop\bin;%USERPROFILE%\AppData\Local\Microsoft\WindowsApps

Yarn version: 
  1.7.0

Node version: 
  8.9.4

Platform: 
  win32 x64

Trace: 
  Error: https://registry.yarnpkg.com/node_modules: Not found
      at Request.params.callback [as _callback] (C:\Users\msmith\AppData\Roaming\npm\node_modules\yarn\lib\cli.js:65656:18)
      at Request.self.callback (C:\Users\msmith\AppData\Roaming\npm\node_modules\yarn\lib\cli.js:134675:22)
      at emitTwo (events.js:126:13)
      at Request.emit (events.js:214:7)
      at Request.<anonymous> (C:\Users\msmith\AppData\Roaming\npm\node_modules\yarn\lib\cli.js:135658:10)
      at emitOne (events.js:116:13)
      at Request.emit (events.js:211:7)
      at IncomingMessage.<anonymous> (C:\Users\msmith\AppData\Roaming\npm\node_modules\yarn\lib\cli.js:135578:12)
      at Object.onceWrapper (events.js:313:30)
      at emitNone (events.js:111:20)

npm manifest: 
  No manifest

yarn manifest: 
  No manifest

Lockfile: 
  # THIS IS AN AUTOGENERATED FILE. DO NOT EDIT THIS FILE DIRECTLY.
  # yarn lockfile v1
